e:\01-code\07-learnc\learnc\03-鹏哥c语言\02-代码手敲\知识进阶\x64\debug\vc142.pdb
e:\01-code\07-learnc\learnc\03-鹏哥c语言\02-代码手敲\知识进阶\x64\debug\vc142.idb
e:\01-code\07-learnc\learnc\03-鹏哥c语言\02-代码手敲\知识进阶\x64\debug\11-指针进阶1-2.obj
e:\01-code\07-learnc\learnc\03-鹏哥c语言\02-代码手敲\知识进阶\x64\debug\13-指针进阶作业.obj
e:\01-code\07-learnc\learnc\03-鹏哥c语言\02-代码手敲\知识进阶\x64\debug\14-指针进阶3-1.obj
e:\01-code\07-learnc\learnc\03-鹏哥c语言\02-代码手敲\知识进阶\x64\debug\05-结构体.obj
e:\01-code\07-learnc\learnc\03-鹏哥c语言\02-代码手敲\知识进阶\x64\debug\06-调试技巧.obj
e:\01-code\07-learnc\learnc\03-鹏哥c语言\02-代码手敲\知识进阶\x64\debug\07-调试实例.obj
e:\01-code\07-learnc\learnc\03-鹏哥c语言\02-代码手敲\知识进阶\x64\debug\07-调试技巧.obj
e:\01-code\07-learnc\learnc\03-鹏哥c语言\02-代码手敲\知识进阶\x64\debug\08-调试实例.obj
e:\01-code\07-learnc\learnc\03-鹏哥c语言\02-代码手敲\知识进阶\x64\debug\09-模拟字符串拷贝.obj
e:\01-code\07-learnc\learnc\03-鹏哥c语言\02-代码手敲\知识进阶\x64\debug\10-数据的存储.obj
e:\01-code\07-learnc\learnc\03-鹏哥c语言\02-代码手敲\知识进阶\x64\debug\11-指针进阶1.obj
e:\01-code\07-learnc\learnc\03-鹏哥c语言\02-代码手敲\知识进阶\x64\debug\11-测试.obj
e:\01-code\07-learnc\learnc\03-鹏哥c语言\02-代码手敲\知识进阶\x64\debug\12-指针进阶1-1.obj
e:\01-code\07-learnc\learnc\03-鹏哥c语言\02-代码手敲\知识进阶\x64\debug\07-调试实例.obj.enc
e:\01-code\07-learnc\learnc\03-鹏哥c语言\02-代码手敲\知识进阶\x64\debug\08-调试实例.obj.enc
e:\01-code\07-learnc\learnc\03-鹏哥c语言\02-代码手敲\知识进阶\x64\debug\09-模拟字符串拷贝.obj.enc
e:\01-code\07-learnc\learnc\03-鹏哥c语言\02-代码手敲\知识进阶\x64\debug\10-数据的存储.obj.enc
e:\01-code\07-learnc\learnc\03-鹏哥c语言\02-代码手敲\知识进阶\x64\debug\11-指针进阶1-2.obj.enc
e:\01-code\07-learnc\learnc\03-鹏哥c语言\02-代码手敲\知识进阶\x64\debug\14-指针进阶3-1.obj.enc
e:\01-code\07-learnc\learnc\03-鹏哥c语言\02-代码手敲\知识进阶\x64\debug\知识进阶.ilk
e:\01-code\07-learnc\learnc\03-鹏哥c语言\02-代码手敲\知识进阶\x64\debug\知识进阶.pdb
e:\01-code\07-learnc\learnc\03-鹏哥c语言\02-代码手敲\知识进阶\x64\debug\知识进阶.exe
e:\01-code\07-learnc\learnc\03-鹏哥c语言\02-代码手敲\知识进阶\x64\debug\知识进阶.tlog\cl.command.1.tlog
e:\01-code\07-learnc\learnc\03-鹏哥c语言\02-代码手敲\知识进阶\x64\debug\知识进阶.tlog\cl.read.1.tlog
e:\01-code\07-learnc\learnc\03-鹏哥c语言\02-代码手敲\知识进阶\x64\debug\知识进阶.tlog\cl.write.1.tlog
e:\01-code\07-learnc\learnc\03-鹏哥c语言\02-代码手敲\知识进阶\x64\debug\知识进阶.tlog\link.command.1.tlog
e:\01-code\07-learnc\learnc\03-鹏哥c语言\02-代码手敲\知识进阶\x64\debug\知识进阶.tlog\link.read.1.tlog
e:\01-code\07-learnc\learnc\03-鹏哥c语言\02-代码手敲\知识进阶\x64\debug\知识进阶.tlog\link.write.1.tlog
